"../../../Engine/Content/EditorBlueprintResources/StandardMacros.uasset" 0
"../../../Engine/Content/EditorBlueprintResources/ActorMacros.uasset" 1
"../../../Arcana/Content/Game/BPs/ASpectatorPawn.uasset" 2
"../../../Engine/Content/EngineMeshes/Humanoid.uasset" 3
"../../../Engine/Content/Functions/Engine_MaterialFunctions02/Utility/BlendAngleCorrectedNormals.uasset" 4
"../../../Engine/Content/Functions/MaterialLayerFunctions/MatLayerBlend_AO.uasset" 5
"../../../Engine/Content/Functions/MaterialLayerFunctions/MatLayerBlend_NormalBlend.uasset" 6
"../../../Engine/Content/Functions/MaterialLayerFunctions/MatLayerBlend_Simple.uasset" 7
"../../../Arcana/Content/DynamicSwordAnimset/Character/Materials/MaterialLayers/T_ML_Aluminum01.uasset" 8
"../../../Arcana/Content/DynamicSwordAnimset/Character/Materials/MaterialLayers/T_ML_Aluminum01_N.uasset" 9
"../../../Arcana/Content/DynamicSwordAnimset/Character/Materials/MaterialLayers/ML_GlossyBlack_Latex_UE4.uasset" 10
"../../../Arcana/Content/DynamicSwordAnimset/Character/Materials/MaterialLayers/ML_Plastic_Shiny_Beige.uasset" 11
"../../../Arcana/Content/DynamicSwordAnimset/Character/Textures/UE4_LOGO_CARD.uasset" 12
"../../../Arcana/Content/DynamicSwordAnimset/Character/Materials/MaterialLayers/ML_Plastic_Shiny_Beige_LOGO.uasset" 13
"../../../Arcana/Content/DynamicSwordAnimset/Character/Materials/MaterialLayers/T_ML_Rubber_Blue_01_N.uasset" 14
"../../../Arcana/Content/DynamicSwordAnimset/Character/Materials/MaterialLayers/ML_SoftMetal_UE4.uasset" 15
"../../../Arcana/Content/DynamicSwordAnimset/Character/Textures/UE4_Mannequin__normals.uasset" 16
"../../../Arcana/Content/DynamicSwordAnimset/Character/Textures/UE4_Mannequin_MAT_MASKA.uasset" 17
"../../../Arcana/Content/DynamicSwordAnimset/Character/Textures/UE4_Mannequin_occlusion.uasset" 18
"../../../Arcana/Content/DynamicSwordAnimset/Character/Materials/M_UE4Man_Body.uasset" 19
"../../../Arcana/Content/DynamicSwordAnimset/Character/Textures/UE4Man_Logo_N.uasset" 20
"../../../Arcana/Content/DynamicSwordAnimset/Character/Materials/M_UE4Man_ChestLogo.uasset" 21
"../../../Arcana/Content/DynamicSwordAnimset/Character/SK_Mannequin_PhysicsAsset.uasset" 22
"../../../Arcana/Content/DynamicSwordAnimset/Character/SK_Mannequin.uasset" 23
"../../../Arcana/Content/DynamicSwordAnimset/Weapon/Sword_PhysicsAsset.uasset" 24
"../../../Arcana/Content/DynamicSwordAnimset/Weapon/Sword_Skeleton.uasset" 25
"../../../Arcana/Content/DynamicSwordAnimset/Weapon/Sword.uasset" 26
"../../../Arcana/Content/DynamicSwordAnimset/Weapon/Shield_PhysicsAsset.uasset" 27
"../../../Arcana/Content/DynamicSwordAnimset/Weapon/Shield_Skeleton.uasset" 28
"../../../Arcana/Content/DynamicSwordAnimset/Weapon/Shield.uasset" 29
"../../../Arcana/Content/DynamicSwordAnimset/Character/SK_Mannequin_Skeleton.uasset" 30
"../../../Arcana/Content/DynamicSwordAnimset/Animations/InPlace/Attack_02.uasset" 31
"../../../Arcana/Content/DynamicSwordAnimset/Animations/InPlace/Attack_03.uasset" 32
"../../../Arcana/Content/DynamicSwordAnimset/Animations/InPlace/Attack_05.uasset" 33
"../../../Arcana/Content/DynamicSwordAnimset/BlendSpaces/PlayingCard_AMontage.uasset" 34
"../../../Arcana/Content/DynamicSwordAnimset/Animations/InPlace/Rolling_Front.uasset" 35
"../../../Arcana/Content/DynamicSwordAnimset/Animations/InPlace/Idle_Eqip_02.uasset" 36
"../../../Arcana/Content/DynamicSwordAnimset/Animations/InPlace/Run_Uneqip.uasset" 37
"../../../Arcana/Content/DynamicSwordAnimset/Animations/InPlace/Walk_Uneqip_Front.uasset" 38
"../../../Arcana/Content/DynamicSwordAnimset/BlendSpaces/Idle_Run.uasset" 39
"../../../Arcana/Content/Game/Character/Animations/ArcanaCharAnimBP.uasset" 40
"../../../Arcana/Content/DynamicSwordAnimset/Animations/InPlace/Dead_01.uasset" 41
"../../../Arcana/Content/DynamicSwordAnimset/Animations/InPlace/Dead_02.uasset" 42
"../../../Arcana/Content/DynamicSwordAnimset/Animations/InPlace/Dead_03.uasset" 43
"../../../Arcana/Content/DynamicSwordAnimset/Animations/InPlace/Dead_04.uasset" 44
"../../../Arcana/Content/Game/BPs/PreGamePlayerStats.uasset" 45
"../../../Arcana/Content/Game/Enums/EPlayerState.uasset" 46
"../../../Arcana/Content/Game/BPs/ArcaniaPlayerState.uasset" 47
"../../../Arcana/Content/Game/CardTypes/CardProjectile_Master_MAT.uasset" 48
"../../../Engine/Content/Functions/Engine_MaterialFunctions01/Opacity/CameraDepthFade.uasset" 49
"../../../Engine/Content/EngineMaterials/T_Default_Material_Grid_M.uasset" 50
"../../../Engine/Content/EngineMaterials/T_Default_Material_Grid_N.uasset" 51
"../../../Engine/Content/EngineMaterials/DefaultMaterial.uasset" 52
"../../../Engine/Content/BasicShapes/Cylinder.uasset" 53
"../../../Arcana/Content/Game/CardTypes/CardAOE_Master.uasset" 54
"../../../Arcana/Content/Game/CardData/CardEffect.uasset" 55
"../../../Engine/Content/Functions/Engine_MaterialFunctions01/Gradient/RadialGradient.uasset" 56
"../../../Arcana/Content/Game/CardTypes/Materials/M_Bullet.uasset" 57
"../../../Arcana/Content/Game/CardTypes/Materials/M_Bullet_Inst.uasset" 58
"../../../Arcana/Content/Game/CardTypes/Effects/P_Hit.uasset" 59
"../../../Arcana/Content/Geometry/Meshes/CubeMaterial.uasset" 60
"../../../Arcana/Content/Geometry/Meshes/1M_Cube.uasset" 61
"../../../Arcana/Content/Game/CardTypes/CardProjectile_Master.uasset" 62
"../../../Arcana/Content/Game/CardData/CardRarity.uasset" 63
"../../../Arcana/Content/Game/CardData/CardType.uasset" 64
"../../../Arcana/Content/Game/CardData/CardData.uasset" 65
"../../../Arcana/Content/Game/CardData/CardsDataCSV.uasset" 66
"../../../Arcana/Content/GUI/GUI_Player/WCharacter_Ingame_GUI.uasset" 67
"../../../Arcana/Content/Game/Enums/EGameState.uasset" 68
"../../../Arcana/Content/GUI/GUI_Player/WFloat_HPText.uasset" 69
"../../../Arcana/Content/GUI/GUI_Player/WGameState.uasset" 70
"../../../Arcana/Content/GUI/GUI_Textures/GUI_Card_Icon.uasset" 71
"../../../Arcana/Content/GUI/GUI_Materials/GUI_Card_Icon.uasset" 72
"../../../Arcana/Content/GUI/GUI_Textures/GUI_Card_IMG_pack.uasset" 73
"../../../Arcana/Content/GUI/GUI_Materials/GUI_Card_IMG_Mat_Master.uasset" 74
"../../../Arcana/Content/GUI/GUI_Textures/GUI_Card_TextBack.uasset" 75
"../../../Arcana/Content/GUI/GUI_Materials/GUI_Card_Rarity_Mat.uasset" 76
"../../../Arcana/Content/GUI/GUI_Textures/GUI_Card_Type_0.uasset" 77
"../../../Arcana/Content/GUI/GUI_Materials/GUI_Card_Suit.uasset" 78
"../../../Arcana/Content/Assets/Textures/T_Card_Deck_D.uasset" 79
"../../../Arcana/Content/GUI/GUI_Textures/GUI_Card_BG_test.uasset" 80
"../../../Arcana/Content/GUI/GUI_Textures/GUI_Card_Type_2.uasset" 81
"../../../Arcana/Content/GUI/GUI_Player/WCardGUI.uasset" 82
"../../../Arcana/Content/GUI/GUI_Player/WPlayerGUI.uasset" 83
"../../../Arcana/Content/Game/Character/ArcaniaCharacter.uasset" 84
"../../../Arcana/Content/Game/Enums/EGameInstanceState.uasset" 85
"../../../Arcana/Content/GUI/GUI_MainMenu/WDB_CardInDeck.uasset" 86
"../../../Engine/Content/EngineResources/Bad.uasset" 87
"../../../Arcana/Content/GUI/GUI_MainMenu/WDB_CardSlot.uasset" 88
"../../../Arcana/Content/GUI/GUI_MainMenu/WDB_CardRow.uasset" 89
"../../../Arcana/Content/GUI/GUI_Textures/MainMenu/MainMenuBack.uasset" 90
"../../../Arcana/Content/GUI/GUI_MainMenu/WDeckBuilder.uasset" 91
"../../../Arcana/Content/GUI/GUI_MainMenu/WHostGame.uasset" 92
"../../../Arcana/Content/GUI/GUI_MainMenu/WMainMenu.uasset" 93
"../../../Arcana/Content/GUI/GUI_MainMenu/WOptions.uasset" 94
"../../../Arcana/Content/GUI/GUI_MainMenu/WServerEntry.uasset" 95
"../../../Arcana/Content/GUI/GUI_MainMenu/WSearchGame.uasset" 96
"../../../Arcana/Content/Game/BPs/AMainGameInstance.uasset" 97
"../../../Arcana/Content/GUI/GUI_Player/WEndGame.uasset" 98
"../../../Arcana/Content/Game/BPs/ArcaniaController.uasset" 99
"../../../Arcana/Content/Game/BPs/AMainGameState.uasset" 100
"../../../Arcana/Content/Game/BPs/ArcanaGameMode.uasset" 101
"../../../Engine/Content/BasicShapes/BasicShapeMaterial.uasset" 102
"../../../Engine/Content/EngineMaterials/WorldGridMaterial.uasset" 103
"../../../Engine/Content/BasicShapes/Cube.uasset" 104
"../../../Engine/Content/MapTemplates/SM_Template_Map_Floor.uasset" 105
"../../../Arcana/Content/Maps/ArcaniaTestMap.umap" 106
"../../../Arcana/Content/Maps/ArcaniaMainMenu.umap" 107
"../../../Engine/Content/EngineMaterials/DefaultDiffuse.uasset" 108
"../../../Engine/Content/EngineMaterials/DefaultNormal.uasset" 109
"../../../Engine/Content/Maps/Entry.umap" 110
"../../../Arcana/Content/DynamicSwordAnimset/Animations/InPlace/Attack_01.uasset" 111
"../../../Arcana/Content/DynamicSwordAnimset/Animations/InPlace/Attack_04.uasset" 112
"../../../Arcana/Content/DynamicSwordAnimset/Animations/InPlace/Attack_06.uasset" 113
"../../../Arcana/Content/DynamicSwordAnimset/Animations/InPlace/Attack_07.uasset" 114
"../../../Arcana/Content/DynamicSwordAnimset/Animations/InPlace/Attack_08.uasset" 115
"../../../Arcana/Content/DynamicSwordAnimset/Animations/InPlace/Attack_10.uasset" 116
"../../../Arcana/Content/DynamicSwordAnimset/Animations/InPlace/Attack_11.uasset" 117
"../../../Arcana/Content/DynamicSwordAnimset/Animations/InPlace/Attack_12.uasset" 118
"../../../Arcana/Content/DynamicSwordAnimset/Animations/InPlace/Attack_13.uasset" 119
"../../../Arcana/Content/DynamicSwordAnimset/Animations/InPlace/Attack_14.uasset" 120
"../../../Arcana/Content/DynamicSwordAnimset/Animations/InPlace/Attack_15.uasset" 121
"../../../Arcana/Content/DynamicSwordAnimset/Animations/InPlace/Attack_17.uasset" 122
"../../../Arcana/Content/DynamicSwordAnimset/Animations/InPlace/Attack_18.uasset" 123
"../../../Arcana/Content/DynamicSwordAnimset/Animations/InPlace/Attack_Eqip_01.uasset" 124
"../../../Arcana/Content/DynamicSwordAnimset/Animations/InPlace/Attack_Eqip_02.uasset" 125
"../../../Arcana/Content/DynamicSwordAnimset/Animations/InPlace/Block.uasset" 126
"../../../Arcana/Content/DynamicSwordAnimset/Animations/InPlace/Combo_01.uasset" 127
"../../../Arcana/Content/DynamicSwordAnimset/Animations/InPlace/Combo_02.uasset" 128
"../../../Arcana/Content/DynamicSwordAnimset/Animations/InPlace/Dash.uasset" 129
"../../../Arcana/Content/DynamicSwordAnimset/Animations/InPlace/Eqip_To_Uneqip.uasset" 130
"../../../Arcana/Content/DynamicSwordAnimset/Animations/InPlace/Idle_Eqip_01.uasset" 131
"../../../Engine/Content/EngineSky/C_Sky_Cloud_Color.uasset" 132
"../../../Engine/Content/EngineSky/C_Sky_Horizon_Color.uasset" 133
"../../../Engine/Content/EngineSky/C_Sky_Zenith_Color.uasset" 134
"../../../Engine/Content/EngineSky/T_Sky_Blue.uasset" 135
"../../../Engine/Content/EngineSky/T_Sky_Clouds_M.uasset" 136
"../../../Engine/Content/EngineSky/T_Sky_Stars.uasset" 137
"../../../Engine/Content/EngineSky/SM_SkySphere.uasset" 138
"../../../Engine/Content/EngineSky/M_Sky_Panning_Clouds2.uasset" 139
"../../../Engine/Content/EngineSky/BP_Sky_Sphere.uasset" 140
"../../../Arcana/Content/DynamicSwordAnimset/OverView.umap" 141
"../../../Engine/Content/EditorResources/S_Actor.uasset" 142
"../../../Engine/Content/Maps/Templates/Thumbnails/Default.uasset" 143
"../../../Engine/Content/EditorMaterials/ParticleSystems/PSysThumbnail_NoImage.uasset" 144
"../../../Engine/Content/EditorMaterials/ParticleSystems/PSysThumbnail_OOD.uasset" 145
"../../../Engine/Content/EditorLandscapeResources/DataLayer.uasset" 146
"../../../Engine/Content/EngineFonts/Roboto.uasset" 147
"../../../Engine/Content/Functions/Engine_MaterialFunctions01/Shading/PowerToRoughness.uasset" 148
"../../../Engine/Content/Functions/Engine_MaterialFunctions01/Shading/ConvertFromDiffSpec.uasset" 149
"../../../Engine/Content/EngineMaterials/DefaultDeferredDecalMaterial.uasset" 150
"../../../Engine/Content/EngineMaterials/DefaultLightFunctionMaterial.uasset" 151
"../../../Engine/Content/Functions/Engine_MaterialFunctions02/Utility/BreakOutFloat2Components.uasset" 152
"../../../Engine/Content/EngineMaterials/DefaultPostProcessMaterial.uasset" 153
"../../../Engine/Content/EngineResources/DefaultTexture.uasset" 154
"../../../Engine/Content/Functions/Engine_MaterialFunctions02/Texturing/ScreenAlignedUVs.uasset" 155
"../../../Engine/Content/EngineResources/WhiteSquareTexture.uasset" 156
"../../../Engine/Content/EngineMaterials/Widget3DPassThrough.uasset" 157
"../../../Engine/Content/EngineMaterials/Widget3DPassThrough_Translucent.uasset" 158
"../../../Engine/Content/EngineMaterials/Widget3DPassThrough_Translucent_OneSided.uasset" 159
"../../../Engine/Content/EngineMaterials/Widget3DPassThrough_Opaque.uasset" 160
"../../../Engine/Content/EngineMaterials/Widget3DPassThrough_Opaque_OneSided.uasset" 161
"../../../Engine/Content/EngineMaterials/Widget3DPassThrough_Masked.uasset" 162
"../../../Engine/Content/EngineMaterials/Widget3DPassThrough_Masked_OneSided.uasset" 163
"../../../Engine/Content/EngineDamageTypes/DmgTypeBP_Environmental.uasset" 164
"../../../Engine/Content/EngineMeshes/Sphere.uasset" 165
"../../../Engine/Content/EngineFonts/RobotoDistanceField.uasset" 166
"../../../Engine/Content/EngineMaterials/DefaultTextMaterialOpaque.uasset" 167
"../../../Engine/Content/EditorResources/S_Trigger.uasset" 168
"../../../Engine/Content/EngineResources/GradientTexture0.uasset" 169
"../../../Engine/Content/EngineResources/Black.uasset" 170
"../../../Engine/Content/EditorMaterials/MatineeGroups/MAT_Groups_Float.uasset" 171
"../../../Engine/Content/EditorMaterials/MatineeGroups/MAT_Groups_Director.uasset" 172
"../../../Engine/Content/EditorMaterials/MatineeGroups/MAT_Groups_Event.uasset" 173
"../../../Engine/Content/EditorMaterials/MatineeGroups/MAT_Groups_Anim.uasset" 174
"../../../Engine/Content/EditorMaterials/MatineeGroups/MAT_Groups_Fade.uasset" 175
"../../../Engine/Content/EditorMaterials/MatineeGroups/MAT_Groups_Move.uasset" 176
"../../../Engine/Content/EditorMaterials/MatineeGroups/MAT_Groups_Slomo.uasset" 177
"../../../Engine/Content/EditorMaterials/MatineeGroups/MAT_ColorTrack.uasset" 178
"../../../Engine/Content/EditorMaterials/MAT_Groups_Toggle.uasset" 179
"../../../Engine/Content/EditorMaterials/MatineeGroups/MAT_Groups_AudioMaster.uasset" 180
"../../../Engine/Content/EditorMaterials/MatineeGroups/MAT_Groups_Sound.uasset" 181
"../../../Engine/Content/EditorMaterials/MatineeGroups/MAT_Groups_Vector.uasset" 182
"../../../Engine/Content/EditorMaterials/MAT_Groups_Visibility.uasset" 183
"../../../Engine/Content/EngineResources/DefaultTextureCube.uasset" 184
"../../../Engine/Content/EngineMeshes/Cylinder.uasset" 185
"../../../Engine/Content/EngineTireTypes/DefaultTireType.uasset" 186
"../../../Engine/Content/EngineResources/AICON-Red.uasset" 187
"../../../Engine/Content/EngineResources/AICON-Green.uasset" 188
"../../../Engine/Content/Tutorial/Basics/LevelEditorAttract.uasset" 189
"../../../Engine/Content/Tutorial/Basics/TutorialAssets/icon_tab_Levels_40x.uasset" 190
"../../../Engine/Content/Tutorial/Basics/LevelEditorOverview.uasset" 191
"../../../Engine/Content/Tutorial/BlueprintTutorials/TutorialAssets/Blueprint_64x.uasset" 192
"../../../Engine/Content/Tutorial/BlueprintTutorials/BlueprintEditorTutorial.uasset" 193
"../../../Engine/Content/Tutorial/ContentIntroCurve.uasset" 194
"../../../Engine/Plugins/2D/Paper2D/Content/PlaceholderTextures/DummySpriteTexture.uasset" 195
"../../../Engine/Plugins/2D/Paper2D/Content/DefaultSpriteMaterial.uasset" 196
"../../../Engine/Plugins/2D/Paper2D/Content/MaskedUnlitSpriteMaterial.uasset" 197
"../../../Engine/Plugins/2D/Paper2D/Content/OpaqueUnlitSpriteMaterial.uasset" 198
"../../../Engine/Plugins/2D/Paper2D/Content/DummySpriteTexture.uasset" 199
"../../../Engine/Plugins/2D/Paper2D/Content/DummySprite.uasset" 200
"../../../Engine/Plugins/2D/Paper2D/Content/DefaultPaperTerrainMaterial.uasset" 201
"../../../Engine/Plugins/Runtime/LeapMotionController/Content/LM_CapsuleMesh.uasset" 202
"../../../Engine/Plugins/Runtime/LeapMotionController/Content/LM_TorusMesh.uasset" 203
"../../../Engine/Plugins/Runtime/LeapMotionController/Content/LM_HandColor.uasset" 204
"../../../Engine/Plugins/Runtime/LeapMotionController/Content/LM_SampleDistortion.uasset" 205
"../../../Engine/Plugins/Runtime/LeapMotionController/Content/LM_TestTexture.uasset" 206
"../../../Engine/Plugins/Runtime/LeapMotionController/Content/LM_PassthroughMaterial.uasset" 207
"../../../Engine/Content/EngineMaterials/RemoveSurfaceMaterial.uasset" 208
"../../../Engine/Content/EngineDebugMaterials/DebugMeshMaterial.uasset" 209
"../../../Engine/Content/EngineMaterials/InvalidLightmapSettings.uasset" 210
"../../../Engine/Content/EngineMaterials/M_InvalidLightmapSettings.uasset" 211
"../../../Engine/Content/EditorMaterials/GizmoMaterial.uasset" 212
"../../../Engine/Content/EngineMaterials/Good64x64TilingNoiseHighFreq.uasset" 213
"../../../Engine/Content/EngineMaterials/DefaultBokeh.uasset" 214
"../../../Engine/Content/EngineMaterials/PreintegratedSkinBRDF.uasset" 215
"../../../Engine/Content/EngineMaterials/MiniFont.uasset" 216
"../../../Engine/Content/EngineMaterials/WeightMapPlaceholderTexture.uasset" 217
"../../../Engine/Content/EngineMaterials/DefaultWhiteGrid.uasset" 218
"../../../Engine/Content/EngineMaterials/DefaultPhysicalMaterial.uasset" 219
"../../../Engine/Content/EngineFonts/RobotoTiny.uasset" 220
"../../../Engine/Content/MobileResources/T_MobileControls_texture.uasset" 221
"../../../Engine/Content/MobileResources/HUD/MobileHUDButtonFire.uasset" 222
"../../../Arcana/Content/MixamoAnimPack/Mixamo_Goblin/Anims/Mixamo_Goblin_Skeleton.uasset" 223
"../../../Arcana/Content/MixamoAnimPack/Mixamo_Goblin/Anims/Mixamo_Goblin_Shooting.uasset" 224
"../../../Engine/Content/MobileResources/HUD/MobileHUDDirectionPad3.uasset" 225
"../../../Arcana/Content/DynamicSwordAnimset/Character/Materials/MaterialLayers/ML_BasicTestMaterial.uasset" 226
"../../../Arcana/Content/MixamoAnimPack/Mixamo_Maw/Anims/Maw_J_Laygo_Skeleton.uasset" 227
"../../../Arcana/Content/MixamoAnimPack/Mixamo_Maw/Anims/Maw_J_Laygo_Shooting.uasset" 228
"../../../Arcana/Content/MixamoAnimPack/Mixamo_Goblin/Anims/Mixamo_Goblin_jump.uasset" 229
"../../../Arcana/Content/MixamoAnimPack/Mixamo_Goblin/Anims/Mixamo_Goblin_Running_Jump.uasset" 230
"../../../Arcana/Content/MixamoAnimPack/Mixamo_Goblin/Anims/Mixamo_Goblin_Sword_slash.uasset" 231
"../../../Arcana/Content/MixamoAnimPack/Mixamo_Goblin/Anims/Mixamo_Goblin_idle.uasset" 232
"../../../Arcana/Content/MixamoAnimPack/Mixamo_Goblin/Anims/Mixamo_Goblin_Run.uasset" 233
"../../../Arcana/Content/MixamoAnimPack/Mixamo_Goblin/Anims/Mixamo_Goblin_Walk.uasset" 234
"../../../Arcana/Content/MixamoAnimPack/Mixamo_Goblin/Anims/MixamoBlend_Goblin_1D.uasset" 235
"../../../Arcana/Content/MixamoAnimPack/MixamoCharacter_Master.uasset" 236
"../../../Arcana/Content/MixamoAnimPack/Mixamo_Goblin/Anims/MixamoAnimBP_Goblin.uasset" 237
"../../../Arcana/Content/MixamoAnimPack/Mixamo_Goblin/Materials/goblin_diffuse.uasset" 238
"../../../Arcana/Content/MixamoAnimPack/Mixamo_Goblin/Materials/goblin_mask.uasset" 239
"../../../Arcana/Content/MixamoAnimPack/Mixamo_Goblin/Materials/goblin_normal.uasset" 240
"../../../Arcana/Content/MixamoAnimPack/Mixamo_Goblin/Materials/Goblin_mat.uasset" 241
"../../../Arcana/Content/MixamoAnimPack/Mixamo_Goblin/Mesh/Mixamo_Goblin.uasset" 242
"../../../Arcana/Content/MixamoAnimPack/Mixamo_Goblin/Mixamo_Goblin.uasset" 243
"../../../Arcana/Content/MixamoAnimPack/Mixamo_Vampire/Anims/Maximo_Vampire_Skeleton.uasset" 244
"../../../Arcana/Content/MixamoAnimPack/Mixamo_Vampire/Anims/Maximo_Vampire_Shooting.uasset" 245
"../../../Arcana/Content/MixamoAnimPack/Mixamo_Zoe/Materials/Zoe_Clothes_Spec.uasset" 246
"../../../Arcana/Content/MixamoAnimPack/Mixamo_Ganfault/Anims/Mixamo_Ganfault_Skeleton.uasset" 247
"../../../Arcana/Content/MixamoAnimPack/Mixamo_Ganfault/Anims/Mixamo_Ganfault_Shooting.uasset" 248
"../../../Arcana/Content/MixamoAnimPack/Mixamo_Kachujin/Materials/Kachujin_diffuse.uasset" 249
"../../../Arcana/Content/MixamoAnimPack/Mixamo_Kachujin/Materials/Kachujin_Mask.uasset" 250
"../../../Arcana/Content/MixamoAnimPack/Mixamo_Kachujin/Materials/Kachujin_normal.uasset" 251
"../../../Arcana/Content/MixamoAnimPack/Mixamo_Kachujin/Materials/Kachujin_Mat.uasset" 252
"../../../Arcana/Content/MixamoAnimPack/Mixamo_Kachujin/Mesh/Kachujin_G_Rosales_Physics.uasset" 253
"../../../Arcana/Content/MixamoAnimPack/Mixamo_Kachujin/Mesh/Kachujin_G_Rosales.uasset" 254
"../../../Arcana/Content/MixamoAnimPack/Mixamo_Kachujin/Anims/Kachujin_G_Rosales_Skeleton.uasset" 255
"../../../Arcana/Content/MixamoAnimPack/Mixamo_Kachujin/Anims/Walk_Eqip_Front_Copy.uasset" 256
"../../../Arcana/Content/MixamoAnimPack/Mixamo_SWAT/Anims/SWAT_Skeleton.uasset" 257
"../../../Arcana/Content/MixamoAnimPack/Mixamo_SWAT/Anims/Maximo_Swat_Sword_Slash.uasset" 258
"../../../Arcana/Content/MixamoAnimPack/Mixamo_Ganfault/Materials/Ganfaul_specular.uasset" 259
"../../../Engine/Content/EditorResources/EmptyActor.uasset" 260
"../../../Arcana/Content/MixamoAnimPack/Mixamo_Mortimer/Materials/Mortimer_specular.uasset" 261
"../../../Arcana/Content/MixamoAnimPack/Mixamo_SWAT/Anims/Maximo_Swat_Running_Jump.uasset" 262
"../../../Arcana/Content/MixamoAnimPack/Mixamo_SWAT/Anims/Maximo_Swat_Shooting.uasset" 263
"../../../Arcana/Content/MixamoAnimPack/Mixamo_SWAT/Anims/Maximo_Swat_Swat_Jump.uasset" 264
"../../../Arcana/Content/MixamoAnimPack/Mixamo_SWAT/Anims/Maximo_Swat_Idle.uasset" 265
"../../../Arcana/Content/MixamoAnimPack/Mixamo_SWAT/Anims/Maximo_Swat_Swat_Run.uasset" 266
"../../../Arcana/Content/MixamoAnimPack/Mixamo_SWAT/Anims/Maximo_Swat_Walk.uasset" 267
"../../../Arcana/Content/MixamoAnimPack/Mixamo_SWAT/Anims/MixamoBlend_SWAT_1D.uasset" 268
"../../../Arcana/Content/MixamoAnimPack/Mixamo_SWAT/Anims/MixamoAnimBP_SWAT.uasset" 269
"../../../Arcana/Content/MixamoAnimPack/Mixamo_SWAT/Materials/Swat_new_diffuse.uasset" 270
"../../../Arcana/Content/MixamoAnimPack/Mixamo_SWAT/Materials/Swat_new_mask.uasset" 271
"../../../Arcana/Content/MixamoAnimPack/Mixamo_SWAT/Materials/Swat_Mat.uasset" 272
"../../../Arcana/Content/MixamoAnimPack/Mixamo_SWAT/Mesh/SWAT_Physics.uasset" 273
"../../../Arcana/Content/MixamoAnimPack/Mixamo_SWAT/Mesh/Maximo_SWAT.uasset" 274
"../../../Arcana/Content/MixamoAnimPack/Mixamo_SWAT/Mixamo_Swat.uasset" 275
"../../../Arcana/Content/MixamoAnimPack/Mixamo_Maw/Anims/Maw_J_Laygo_jump.uasset" 276
"../../../Arcana/Content/MixamoAnimPack/Mixamo_Maw/Anims/Maw_J_Laygo_Running_Jump.uasset" 277
"../../../Arcana/Content/MixamoAnimPack/Mixamo_Maw/Anims/Maw_J_Laygo_Sword_Swing.uasset" 278
"../../../Arcana/Content/MixamoAnimPack/Mixamo_Maw/Anims/Maw_J_Laygo_idle.uasset" 279
"../../../Arcana/Content/MixamoAnimPack/Mixamo_Maw/Anims/Maw_J_Laygo_Run.uasset" 280
"../../../Arcana/Content/MixamoAnimPack/Mixamo_Maw/Anims/Maw_J_Laygo_Walk.uasset" 281
"../../../Arcana/Content/MixamoAnimPack/Mixamo_Maw/Anims/MixamoBlend_Maw_1D.uasset" 282
"../../../Arcana/Content/MixamoAnimPack/Mixamo_Maw/Anims/MixamoAnimBP_Maw.uasset" 283
"../../../Arcana/Content/MixamoAnimPack/Mixamo_Maw/Materials/MAW_diffuse.uasset" 284
"../../../Arcana/Content/MixamoAnimPack/Mixamo_Maw/Materials/MAW_glow.uasset" 285
"../../../Arcana/Content/MixamoAnimPack/Mixamo_Maw/Materials/MAW_mask.uasset" 286
"../../../Arcana/Content/MixamoAnimPack/Mixamo_Maw/Materials/MAW_normal.uasset" 287
"../../../Arcana/Content/MixamoAnimPack/Mixamo_Maw/Materials/Maw_Mat.uasset" 288
"../../../Arcana/Content/MixamoAnimPack/Mixamo_Maw/Mesh/Maw_J_Laygo_Physics.uasset" 289
"../../../Arcana/Content/MixamoAnimPack/Mixamo_Maw/Mesh/Maw_J_Laygo.uasset" 290
"../../../Arcana/Content/MixamoAnimPack/Mixamo_Maw/Mixamo_Maw.uasset" 291
"../../../Arcana/Content/MixamoAnimPack/Mixamo_Ganfault/Anims/Mixamo_Ganfault__jump.uasset" 292
"../../../Arcana/Content/MixamoAnimPack/Mixamo_Ganfault/Anims/Mixamo_Ganfault_Jump.uasset" 293
"../../../Arcana/Content/MixamoAnimPack/Mixamo_Ganfault/Anims/Mixamo_Ganfault_Sword_Slash.uasset" 294
"../../../Arcana/Content/MixamoAnimPack/Mixamo_Ganfault/Anims/Mixamo_Ganfault_idle.uasset" 295
"../../../Arcana/Content/MixamoAnimPack/Mixamo_Ganfault/Anims/Mixamo_Ganfault_Run.uasset" 296
"../../../Arcana/Content/MixamoAnimPack/Mixamo_Ganfault/Anims/Mixamo_Ganfault_Walk.uasset" 297
"../../../Arcana/Content/MixamoAnimPack/Mixamo_Ganfault/Anims/MixamoBlend_Ganfault_1D.uasset" 298
"../../../Arcana/Content/MixamoAnimPack/Mixamo_Ganfault/Anims/MixamoAnimBP_GanFaul.uasset" 299
"../../../Arcana/Content/MixamoAnimPack/Mixamo_Ganfault/Materials/Ganfaul_diffuse.uasset" 300
"../../../Arcana/Content/MixamoAnimPack/Mixamo_Ganfault/Materials/Ganfaul_glow.uasset" 301
"../../../Arcana/Content/MixamoAnimPack/Mixamo_Ganfault/Materials/Ganfaul_mask.uasset" 302
"../../../Arcana/Content/MixamoAnimPack/Mixamo_Ganfault/Materials/Ganfaul_normal.uasset" 303
"../../../Arcana/Content/MixamoAnimPack/Mixamo_Ganfault/Materials/Ganfaul_Mat.uasset" 304
"../../../Arcana/Content/MixamoAnimPack/Mixamo_Ganfault/Materials/Ganfaul_Mat_Inst.uasset" 305
"../../../Arcana/Content/MixamoAnimPack/Mixamo_Ganfault/Mesh/Mixamo_Ganfault_Aure_Physics.uasset" 306
"../../../Arcana/Content/MixamoAnimPack/Mixamo_Ganfault/Mesh/Mixamo_Ganfault_Aure.uasset" 307
"../../../Arcana/Content/MixamoAnimPack/Mixamo_Ganfault/Mixamo_Ganfault.uasset" 308
"../../../Arcana/Content/MixamoAnimPack/Mixamo_Jill/Anims/Jill_Skeleton.uasset" 309
"../../../Arcana/Content/MixamoAnimPack/Mixamo_Jill/Anims/Jill_jump.uasset" 310
"../../../Arcana/Content/MixamoAnimPack/Mixamo_Jill/Anims/Jill_Running_Jump.uasset" 311
"../../../Arcana/Content/MixamoAnimPack/Mixamo_Jill/Anims/Jill_Sword_Slash.uasset" 312
"../../../Arcana/Content/MixamoAnimPack/Mixamo_Jill/Anims/Jill_idle.uasset" 313
"../../../Arcana/Content/MixamoAnimPack/Mixamo_Jill/Anims/Jill_Run.uasset" 314
"../../../Arcana/Content/MixamoAnimPack/Mixamo_Jill/Anims/Jill_Walk.uasset" 315
"../../../Arcana/Content/MixamoAnimPack/Mixamo_Jill/Anims/MixamoBlend_Jill_1D.uasset" 316
"../../../Arcana/Content/MixamoAnimPack/Mixamo_Jill/Anims/MixamoAnimBP_Jill.uasset" 317
"../../../Arcana/Content/MixamoAnimPack/Mixamo_Jill/Materials/Jill_HiMidRes_diffuse.uasset" 318
"../../../Arcana/Content/MixamoAnimPack/Mixamo_Jill/Materials/Jill_HiMidRes_mask.uasset" 319
"../../../Arcana/Content/MixamoAnimPack/Mixamo_Jill/Materials/Jill_HiMidRes_normal.uasset" 320
"../../../Arcana/Content/MixamoAnimPack/Mixamo_Jill/Materials/Jill_Mat.uasset" 321
"../../../Arcana/Content/MixamoAnimPack/Mixamo_Jill/Mesh/Jill_Physics.uasset" 322
"../../../Arcana/Content/MixamoAnimPack/Mixamo_Jill/Mesh/Jill.uasset" 323
"../../../Arcana/Content/MixamoAnimPack/Mixamo_Jill/Mixamo_Jill.uasset" 324
"../../../Arcana/Content/MixamoAnimPack/Mixamo_Jill/Anims/Jill_Shooting.uasset" 325
"../../../Engine/Content/MobileResources/HUD/MobileHUDButton2_on.uasset" 326
"../../../Arcana/Content/MixamoAnimPack/Mixamo_Heraklios/Anims/Mixamo_Heraklios_Skeleton.uasset" 327
"../../../Arcana/Content/MixamoAnimPack/Mixamo_Heraklios/Anims/Mixamo_Heraklios_Shooting.uasset" 328
"../../../Arcana/Content/GUI/GUI_Textures/GUI_Card_Type_3.uasset" 329
"../../../Arcana/Content/Mannequin/Character/Materials/MaterialLayers/T_ML_Rubber_Blue_01_D.uasset" 330
"../../../Arcana/Content/Mannequin/Character/Materials/MaterialLayers/T_ML_Rubber_Blue_01_N.uasset" 331
"../../../Arcana/Content/Mannequin/Character/Materials/MaterialLayers/ML_GlossyBlack_Latex_UE4.uasset" 332
"../../../Arcana/Content/Mannequin/Character/Materials/MaterialLayers/ML_Plastic_Shiny_Beige.uasset" 333
"../../../Arcana/Content/Mannequin/Character/Textures/UE4_LOGO_CARD.uasset" 334
"../../../Arcana/Content/Mannequin/Character/Materials/MaterialLayers/ML_Plastic_Shiny_Beige_LOGO.uasset" 335
"../../../Arcana/Content/Mannequin/Character/Materials/MaterialLayers/T_ML_Aluminum01.uasset" 336
"../../../Arcana/Content/Mannequin/Character/Materials/MaterialLayers/T_ML_Aluminum01_N.uasset" 337
"../../../Arcana/Content/Mannequin/Character/Materials/MaterialLayers/ML_SoftMetal_UE4.uasset" 338
"../../../Arcana/Content/Mannequin/Character/Textures/UE4_Mannequin__normals.uasset" 339
"../../../Arcana/Content/Mannequin/Character/Textures/UE4_Mannequin_MAT_MASKA.uasset" 340
"../../../Arcana/Content/Mannequin/Character/Materials/M_UE4Man_Body.uasset" 341
"../../../Arcana/Content/Mannequin/Character/Textures/UE4Man_Logo_N.uasset" 342
"../../../Arcana/Content/Mannequin/Character/Materials/M_UE4Man_ChestLogo.uasset" 343
"../../../Arcana/Content/Mannequin/Character/Mesh/SK_Mannequin_PhysicsAsset.uasset" 344
"../../../Arcana/Content/Mannequin/Character/Mesh/SK_Mannequin.uasset" 345
"../../../Arcana/Content/Mannequin/Character/Mesh/UE4_Mannequin_Skeleton.uasset" 346
"../../../Arcana/Content/Mannequin/Animations/ThirdPerson_Jump.uasset" 347
"../../../Arcana/Content/Mannequin/Animations/ThirdPersonJump_Loop.uasset" 348
"../../../Arcana/Content/Mannequin/Animations/ThirdPersonJump_Start.uasset" 349
"../../../Arcana/Content/Mannequin/Animations/ThirdPersonIdle.uasset" 350
"../../../Arcana/Content/Mannequin/Animations/ThirdPersonRun.uasset" 351
"../../../Arcana/Content/Mannequin/Animations/ThirdPersonWalk.uasset" 352
"../../../Arcana/Content/Mannequin/Animations/ThirdPerson_IdleRun_2D.uasset" 353
"../../../Arcana/Content/Mannequin/Animations/ThirdPerson_AnimBP.uasset" 354
"../../../Arcana/Content/MixamoAnimPack/Mixamo_Vanguard/Anims/Vanguard_by_T__Choonyung_Skeleton.uasset" 355
"../../../Arcana/Content/MixamoAnimPack/Mixamo_Vanguard/Anims/Vanguard_by_T__Choonyung_jump.uasset" 356
"../../../Arcana/Content/MixamoAnimPack/Mixamo_Vanguard/Anims/Vanguard_by_T__Choonyung_Running_Jump.uasset" 357
"../../../Arcana/Content/MixamoAnimPack/Mixamo_Vanguard/Anims/Vanguard_by_T__Choonyung_Shooting.uasset" 358
"../../../Arcana/Content/MixamoAnimPack/Mixamo_Vanguard/Anims/Vanguard_by_T__Choonyung_idle.uasset" 359
"../../../Arcana/Content/MixamoAnimPack/Mixamo_Vanguard/Anims/Vanguard_by_T__Choonyung_Run.uasset" 360
"../../../Arcana/Content/MixamoAnimPack/Mixamo_Vanguard/Anims/Vanguard_by_T__Choonyung_Walk.uasset" 361
"../../../Arcana/Content/MixamoAnimPack/Mixamo_Vanguard/Anims/MixamoBlend_Vanguard_1D.uasset" 362
"../../../Arcana/Content/MixamoAnimPack/Mixamo_Vanguard/Anims/MixamoAnimBP_Vanguard.uasset" 363
"../../../Arcana/Content/MixamoAnimPack/Mixamo_Vanguard/Material/vanguard_diffuse.uasset" 364
"../../../Arcana/Content/MixamoAnimPack/Mixamo_Vanguard/Material/vanguard_mask.uasset" 365
"../../../Arcana/Content/MixamoAnimPack/Mixamo_Vanguard/Material/vanguard_normal.uasset" 366
"../../../Arcana/Content/MixamoAnimPack/Mixamo_Vanguard/Material/Vanguard_Mat.uasset" 367
"../../../Arcana/Content/MixamoAnimPack/Mixamo_Vanguard/Mesh/Vanguard_by_T__Choonyung_Physics.uasset" 368
"../../../Arcana/Content/MixamoAnimPack/Mixamo_Vanguard/Mesh/Vanguard_by_T__Choonyung.uasset" 369
"../../../Arcana/Content/MixamoAnimPack/Mixamo_Vanguard/Mixamo_Vanguard.uasset" 370
"../../../Arcana/Content/MixamoAnimPack/Mixamo_Vanguard/Anims/Vanguard_by_T__Choonyung_Sword_Swing.uasset" 371
"../../../Arcana/Content/MixamoAnimPack/Mixamo_Kachujin/Anims/Kachujin_G_Rosales_jump.uasset" 372
"../../../Arcana/Content/MixamoAnimPack/Mixamo_Kachujin/Anims/Kachujin_G_Rosales_Running_Jump.uasset" 373
"../../../Arcana/Content/MixamoAnimPack/Mixamo_Kachujin/Anims/Kachujin_G_Rosales_Sword_Swing.uasset" 374
"../../../Arcana/Content/MixamoAnimPack/Mixamo_Kachujin/Anims/Kachujin_G_Rosales_idle.uasset" 375
"../../../Arcana/Content/MixamoAnimPack/Mixamo_Kachujin/Anims/Kachujin_G_Rosales_Run.uasset" 376
"../../../Arcana/Content/MixamoAnimPack/Mixamo_Kachujin/Anims/Kachujin_G_Rosales_Walk.uasset" 377
"../../../Arcana/Content/MixamoAnimPack/Mixamo_Kachujin/Anims/MixamoBlend_Kachujin_1D.uasset" 378
"../../../Arcana/Content/MixamoAnimPack/Mixamo_Kachujin/Anims/MixamoAnimBP_Kachujin.uasset" 379
"../../../Arcana/Content/MixamoAnimPack/Mixamo_Kachujin/Mixamo_Kachujin.uasset" 380
"../../../Arcana/Content/MixamoAnimPack/Mixamo_Kachujin/Anims/Kachujin_G_Rosales_Shooting.uasset" 381
"../../../Arcana/Content/MixamoAnimPack/Mixamo_Vanguard/Material/vanguard_specular.uasset" 382
"../../../Arcana/Content/MixamoAnimPack/Mixamo_Zoe/Anims/Mixamo_Zoe_Skeleton.uasset" 383
"../../../Arcana/Content/MixamoAnimPack/Mixamo_Zoe/Anims/Mixamo_Zoe_jump.uasset" 384
"../../../Arcana/Content/MixamoAnimPack/Mixamo_Zoe/Anims/Mixamo_Zoe_Running_Jump.uasset" 385
"../../../Arcana/Content/MixamoAnimPack/Mixamo_Zoe/Anims/Mixamo_Zoe_Shooting.uasset" 386
"../../../Arcana/Content/MixamoAnimPack/Mixamo_Zoe/Anims/Mixamo_Zoe_idle.uasset" 387
"../../../Arcana/Content/MixamoAnimPack/Mixamo_Zoe/Anims/Mixamo_Zoe_Run.uasset" 388
"../../../Arcana/Content/MixamoAnimPack/Mixamo_Zoe/Anims/Mixamo_Zoe_Walk.uasset" 389
"../../../Arcana/Content/MixamoAnimPack/Mixamo_Zoe/Anims/MixamoBlend_Zoe_1D.uasset" 390
"../../../Arcana/Content/MixamoAnimPack/Mixamo_Zoe/Anims/MixamoAnimBP_Zoe.uasset" 391
"../../../Arcana/Content/MixamoAnimPack/Mixamo_Zoe/Materials/Zoe_Skin_COL.uasset" 392
"../../../Arcana/Content/MixamoAnimPack/Mixamo_Zoe/Materials/Zoe_Skin_Mask.uasset" 393
"../../../Arcana/Content/MixamoAnimPack/Mixamo_Zoe/Materials/Zoe_Skin_NM.uasset" 394
"../../../Arcana/Content/MixamoAnimPack/Mixamo_Zoe/Materials/Zoe_body_mat.uasset" 395
"../../../Arcana/Content/MixamoAnimPack/Mixamo_Zoe/Materials/Zoe_Clothes_COL.uasset" 396
"../../../Arcana/Content/MixamoAnimPack/Mixamo_Zoe/Materials/Zoe_Clothes_Mask.uasset" 397
"../../../Arcana/Content/MixamoAnimPack/Mixamo_Zoe/Materials/Zoe_Clothes_NM.uasset" 398
"../../../Arcana/Content/MixamoAnimPack/Mixamo_Zoe/Materials/Zoe_Skin_Mat.uasset" 399
"../../../Arcana/Content/MixamoAnimPack/Mixamo_Zoe/Mesh/Zoe_Physics.uasset" 400
"../../../Arcana/Content/MixamoAnimPack/Mixamo_Zoe/Mesh/Mixamo_Zoe.uasset" 401
"../../../Arcana/Content/MixamoAnimPack/Mixamo_Zoe/Mixamo_Zoe.uasset" 402
"../../../Arcana/Content/MixamoAnimPack/Mixamo_Zoe/Anims/Mixamo_Zoe_Sword_Slash.uasset" 403
"../../../Arcana/Content/MixamoAnimPack/Mixamo_Mortimer/Anims/Mortimer_Skeleton.uasset" 404
"../../../Arcana/Content/MixamoAnimPack/Mixamo_Mortimer/Anims/Mortimer_jump.uasset" 405
"../../../Arcana/Content/MixamoAnimPack/Mixamo_Mortimer/Anims/Mortimer_Running_Jump.uasset" 406
"../../../Arcana/Content/MixamoAnimPack/Mixamo_Mortimer/Anims/Mortimer_Sword_Slash.uasset" 407
"../../../Arcana/Content/MixamoAnimPack/Mixamo_Mortimer/Anims/Mortimer_idle.uasset" 408
"../../../Arcana/Content/MixamoAnimPack/Mixamo_Mortimer/Anims/Mortimer_Run.uasset" 409
"../../../Arcana/Content/MixamoAnimPack/Mixamo_Mortimer/Anims/Mortimer_Walk.uasset" 410
"../../../Arcana/Content/MixamoAnimPack/Mixamo_Mortimer/Anims/MixamoBlend_Mortimer_1D.uasset" 411
"../../../Arcana/Content/MixamoAnimPack/Mixamo_Mortimer/Anims/MixamoAnimBP_Mortimer.uasset" 412
"../../../Arcana/Content/MixamoAnimPack/Mixamo_Mortimer/Materials/Mortimer_diffuse.uasset" 413
"../../../Arcana/Content/MixamoAnimPack/Mixamo_Mortimer/Materials/Mortimer_normal.uasset" 414
"../../../Arcana/Content/MixamoAnimPack/Mixamo_Mortimer/Materials/Mort_Alpha.uasset" 415
"../../../Arcana/Content/MixamoAnimPack/Mixamo_Mortimer/Materials/Mortimer_mask.uasset" 416
"../../../Arcana/Content/MixamoAnimPack/Mixamo_Mortimer/Materials/Mort_Mat.uasset" 417
"../../../Arcana/Content/MixamoAnimPack/Mixamo_Mortimer/Mesh/Mortimer_Physics.uasset" 418
"../../../Arcana/Content/MixamoAnimPack/Mixamo_Mortimer/Mesh/Mortimer.uasset" 419
"../../../Arcana/Content/MixamoAnimPack/Mixamo_Mortimer/Mixamo_Mortimer.uasset" 420
"../../../Arcana/Content/MixamoAnimPack/Mixamo_Mortimer/Anims/Mortimer_Shooting.uasset" 421
"../../../Arcana/Content/MixamoAnimPack/Mixamo_Vampire/Anims/Maximo_Vampire_jump.uasset" 422
"../../../Arcana/Content/MixamoAnimPack/Mixamo_Vampire/Anims/Maximo_Vampire_Running_Jump.uasset" 423
"../../../Arcana/Content/MixamoAnimPack/Mixamo_Vampire/Anims/Maximo_Vampire_Sword_Swing.uasset" 424
"../../../Arcana/Content/MixamoAnimPack/Mixamo_Vampire/Anims/Maximo_Vampire_idle.uasset" 425
"../../../Arcana/Content/MixamoAnimPack/Mixamo_Vampire/Anims/Maximo_Vampire_Run.uasset" 426
"../../../Arcana/Content/MixamoAnimPack/Mixamo_Vampire/Anims/Maximo_Vampire_Walk.uasset" 427
"../../../Arcana/Content/MixamoAnimPack/Mixamo_Vampire/Anims/MixamoBlend_Vampire_1D.uasset" 428
"../../../Arcana/Content/MixamoAnimPack/Mixamo_Vampire/Anims/MixamoAnimBP_Vampire.uasset" 429
"../../../Arcana/Content/MixamoAnimPack/Mixamo_Vampire/Materials/Vampire_diffuse.uasset" 430
"../../../Arcana/Content/MixamoAnimPack/Mixamo_Vampire/Materials/Vampire_emission.uasset" 431
"../../../Arcana/Content/MixamoAnimPack/Mixamo_Vampire/Materials/Vampire_masks.uasset" 432
"../../../Arcana/Content/MixamoAnimPack/Mixamo_Vampire/Materials/Vampire_normal.uasset" 433
"../../../Arcana/Content/MixamoAnimPack/Mixamo_Vampire/Materials/Vamp_alpha_Mat.uasset" 434
"../../../Arcana/Content/MixamoAnimPack/Mixamo_Vampire/Materials/Vamp_Mat.uasset" 435
"../../../Arcana/Content/MixamoAnimPack/Mixamo_Vampire/Mesh/Vampire_A_Lusth_Physics.uasset" 436
"../../../Arcana/Content/MixamoAnimPack/Mixamo_Vampire/Mesh/Vampire_A_Lusth.uasset" 437
"../../../Arcana/Content/MixamoAnimPack/Mixamo_Vampire/Mixamo_Vampire.uasset" 438
"../../../Arcana/Content/MixamoAnimPack/Mixamo_Vampire/Materials/Vampire_specular.uasset" 439
"../../../Arcana/Content/MixamoAnimPack/Mixamo_ExoRed/Anims/ExoRed_Skeleton.uasset" 440
"../../../Arcana/Content/MixamoAnimPack/Mixamo_ExoRed/Anims/Exo_Jump_Copy.uasset" 441
"../../../Arcana/Content/MixamoAnimPack/Mixamo_ExoRed/Anims/Exo_Running_Jump_Copy.uasset" 442
"../../../Arcana/Content/MixamoAnimPack/Mixamo_ExoRed/Anims/Exo_Shooting_Copy.uasset" 443
"../../../Arcana/Content/MixamoAnimPack/Mixamo_ExoRed/Anims/Exo_Idle_Copy.uasset" 444
"../../../Arcana/Content/MixamoAnimPack/Mixamo_ExoRed/Anims/Exo_Run_Copy.uasset" 445
"../../../Arcana/Content/MixamoAnimPack/Mixamo_ExoRed/Anims/Exo_Walk_Copy.uasset" 446
"../../../Arcana/Content/MixamoAnimPack/Mixamo_ExoRed/Anims/MixamoBlend_ExoRed_1D.uasset" 447
"../../../Arcana/Content/MixamoAnimPack/Mixamo_ExoRed/Anims/MixamoAnimBP_ExoRed.uasset" 448
"../../../Arcana/Content/MixamoAnimPack/Mixamo_ExoRed/Materials/EXO_normal.uasset" 449
"../../../Arcana/Content/MixamoAnimPack/Mixamo_ExoRed/Materials/RED_EXO_diffuse.uasset" 450
"../../../Arcana/Content/MixamoAnimPack/Mixamo_ExoRed/Materials/RED_EXO_mask.uasset" 451
"../../../Arcana/Content/MixamoAnimPack/Mixamo_ExoRed/Materials/Exo_Red_Armor.uasset" 452
"../../../Arcana/Content/MixamoAnimPack/Mixamo_ExoRed/Materials/BODY_mask.uasset" 453
"../../../Arcana/Content/MixamoAnimPack/Mixamo_ExoRed/Materials/BODY_normal.uasset" 454
"../../../Arcana/Content/MixamoAnimPack/Mixamo_ExoRed/Materials/RED_BODY_diffuse.uasset" 455
"../../../Arcana/Content/MixamoAnimPack/Mixamo_ExoRed/Materials/Exo_Red_Bod.uasset" 456
"../../../Arcana/Content/MixamoAnimPack/Mixamo_ExoRed/Mesh/ExoRed_PhysicsAsset.uasset" 457
"../../../Arcana/Content/MixamoAnimPack/Mixamo_ExoRed/Mesh/Maximo_ExoRed.uasset" 458
"../../../Arcana/Content/MixamoAnimPack/Mixamo_ExoRed/Mixamo_ExoRed.uasset" 459
"../../../Arcana/Content/MixamoAnimPack/Mixamo_ExoRed/Anims/Exo_Sword_Swing_Copy.uasset" 460
"../../../Engine/Content/MobileResources/HUD/T_Castle_ThumbstickOutter.uasset" 461
"../../../Arcana/Content/DynamicSwordAnimset/Animations/RootMotion/Falling_Back_Down_Up.uasset" 462
"../../../Arcana/Content/DynamicSwordAnimset/Animations/RootMotion/Falling_Front_Down.uasset" 463
"../../../Arcana/Content/DynamicSwordAnimset/Animations/RootMotion/Jump_Move_Front.uasset" 464
"../../../Arcana/Content/GUI/GUI_Materials/GUI_Card_IMG_Mat_Inst_0.uasset" 465
"../../../Arcana/Content/GUI/GUI_Textures/GUI_Card_Suit_1.uasset" 466
"../../../Engine/Content/MobileResources/HUD/MobileHUDButton3.uasset" 467
"../../../Engine/Content/MobileResources/HUD/MobileHUDButton1_on.uasset" 468
"../../../Arcana/Content/MixamoAnimPack/Mixamo_SWAT/Materials/Soldier_new-1.uasset" 469
"../../../Arcana/Content/MixamoAnimPack/Mixamo_SWAT/Materials/Soldier_Mat.uasset" 470
"../../../Engine/Content/MobileResources/HUD/MobileHUDButton1_off.uasset" 471
"../../../Arcana/Content/MixamoAnimPack/Mixamo_Adam/Anims/Mixamo_Adam_Skeleton.uasset" 472
"../../../Arcana/Content/MixamoAnimPack/Mixamo_Adam/Anims/Mixamo_Adam_Sword_Slash.uasset" 473
"../../../Arcana/Content/GUI/GUI_Textures/GUI_Border_Mask.uasset" 474
"../../../Arcana/Content/DynamicSwordAnimset/Character/Materials/MaterialLayers/T_ML_Rubber_Blue_01_D.uasset" 475
"../../../Arcana/Content/GUI/GUI_Textures/GUI_Card_Suit_0.uasset" 476
"../../../Engine/Content/MobileResources/HUD/VirtualJoystick_Background.uasset" 477
"../../../Engine/Content/MobileResources/HUD/VirtualJoystick_Thumb.uasset" 478
"../../../Engine/Content/MobileResources/HUD/LeftVirtualJoystickOnly.uasset" 479
"../../../Engine/Content/MobileResources/HUD/MobileHUDButton2_off.uasset" 480
"../../../Arcana/Content/GUI/GUI_Textures/GUI_Card_Type_1.uasset" 481
"../../../Engine/Content/EditorMaterials/PhAT_JointLimitMaterial.uasset" 482
"../../../Engine/Content/EditorMaterials/PreviewShadowIndicator.uasset" 483
"../../../Engine/Content/EditorMaterials/PreviewShadowIndicatorMaterial.uasset" 484
"../../../Engine/Content/EditorMeshes/ColorCalibrator/M_ChromeBall.uasset" 485
"../../../Engine/Content/EditorMeshes/ColorCalibrator/M_ClearCoat.uasset" 486
"../../../Engine/Content/EditorMeshes/ColorCalibrator/M_ClearCoatBlack.uasset" 487
"../../../Engine/Content/EditorMeshes/ColorCalibrator/T_ColorGrid.uasset" 488
"../../../Engine/Content/EditorMeshes/ColorCalibrator/M_ColorGrid.uasset" 489
"../../../Engine/Content/EditorMeshes/ColorCalibrator/M_GreyBall.uasset" 490
"../../../Engine/Content/EditorMeshes/ColorCalibrator/SM_ColorCalibrator.uasset" 491
"../../../Engine/Content/EditorResources/BSPVertex.uasset" 492
"../../../Engine/Content/EngineDebugMaterials/HeatmapGradient.uasset" 493
"../../../Engine/Content/EngineDebugMaterials/BoneWeightMaterial.uasset" 494
"../../../Engine/Content/EngineDebugMaterials/GeomMaterial.uasset" 495
"../../../Engine/Content/EngineMaterials/EditorBrushMaterial.uasset" 496
"../../../Engine/Content/MobileResources/T_MobileMenu2.uasset" 497
"../../../Engine/Content/MobileResources/HUD/AnalogHat.uasset" 498
"../../../Engine/Content/MobileResources/HUD/DefaultVirtualJoysticks.uasset" 499
"../../../Engine/Content/MobileResources/HUD/MobileHUDDirectionPad.uasset" 500
"../../../Engine/Content/MobileResources/HUD/MobileHUDDirectionPad2.uasset" 501
"../../../Engine/Content/MobileResources/HUD/MobileHUDDirectionStick.uasset" 502
"../../../Engine/Content/MobileResources/HUD/T_Castle_ThumbstickInner.uasset" 503
"../../../Engine/Content/Tutorial/BlueprintTutorials/TutorialAssets/BlueprintInterface_64x.uasset" 504
"../../../Engine/Content/Tutorial/BlueprintTutorials/TutorialAssets/Tutorial_BP_Interface.uasset" 505
"../../../Engine/Content/Tutorial/BlueprintTutorials/BlueprintInterfacesEditorOverview.uasset" 506
"../../../Engine/Content/Tutorial/BlueprintTutorials/TutorialAssets/BlueprintMacroLibrary_64x.uasset" 507
"../../../Engine/Content/Tutorial/BlueprintTutorials/TutorialAssets/Tutorial_BP_MacroLib.uasset" 508
"../../../Engine/Content/Tutorial/BlueprintTutorials/BlueprintMacroLibrariesEditorOverview.uasset" 509
"../../../Engine/Content/Tutorial/BlueprintTutorials/LevelBlueprintEditorOverview.uasset" 510
"../../../Engine/Content/Tutorial/Foliage/TutorialAssets/Foliage.uasset" 511
"../../../Engine/Content/Tutorial/Foliage/Foliage_Settings_Tutorial.uasset" 512
"../../../Engine/Content/Tutorial/Foliage/Foliage_Using_The_Tool_Tutorial.uasset" 513
"../../../Engine/Content/Tutorial/Foliage/Foliage_Intro_Tutorial.uasset" 514
"../../../Engine/Content/Tutorial/Landscape/TutorialAssets/Landscape.uasset" 515
"../../../Engine/Content/Tutorial/Landscape/Landscape_Painting_Mode.uasset" 516
"../../../Engine/Content/Tutorial/Landscape/Landscape_Sculpt_Mode.uasset" 517
"../../../Engine/Content/Tutorial/Landscape/Landscape_Manage_Mode.uasset" 518
"../../../Engine/Content/Tutorial/Paper2D/TutorialAssets/Paper2DFlipbook_TutorialIcon.uasset" 519
"../../../Engine/Content/Tutorial/Paper2D/FlipbookEditorTutorial.uasset" 520
"../../../Engine/Content/Tutorial/Paper2D/TutorialAssets/Paper2DSprite_TutorialIcon.uasset" 521
"../../../Engine/Content/Tutorial/Paper2D/SpriteEditorTutorial.uasset" 522
"../../../Engine/Content/EditorMeshes/EditorCube.uasset" 523
"../../../Engine/Content/Tutorial/SubEditors/TutorialAssets/Tutorial_DM.uasset" 524
"../../../Engine/Content/Tutorial/SubEditors/DestructibleMeshEditorTutorial.uasset" 525
"../../../Engine/Content/Tutorial/SubEditors/TutorialAssets/TutorialMaterial.uasset" 526
"../../../Engine/Content/Tutorial/SubEditors/MaterialEditorTutorial.uasset" 527
"../../../Engine/Content/Tutorial/SubEditors/TutorialAssets/T_SmokeSubUV_8X8.uasset" 528
"../../../Engine/Content/Tutorial/SubEditors/TutorialAssets/T_soft_smoke.uasset" 529
"../../../Engine/Content/Tutorial/SubEditors/TutorialAssets/M_smoke_subUV_blackbody.uasset" 530
"../../../Engine/Content/Tutorial/SubEditors/TutorialAssets/TutorialParticleSystem.uasset" 531
"../../../Engine/Content/Tutorial/SubEditors/ParticleSystemEditorTutorial.uasset" 532
"../../../Engine/Content/Tutorial/SubEditors/TutorialAssets/icon_ShowSkeletalMeshes_40x.uasset" 533
"../../../Engine/Content/Tutorial/SubEditors/TutorialAssets/Character/TutorialTPP_Mat.uasset" 534
"../../../Engine/Content/Tutorial/SubEditors/TutorialAssets/Character/TutorialTPP_PhysicsAsset.uasset" 535
"../../../Engine/Content/Tutorial/SubEditors/TutorialAssets/Character/TutorialTPP.uasset" 536
"../../../Engine/Content/Tutorial/SubEditors/TutorialAssets/Character/TutorialTPP_Skeleton.uasset" 537
"../../../Engine/Content/Tutorial/SubEditors/TutorialAssets/Character/Tutorial_Idle.uasset" 538
"../../../Engine/Content/Tutorial/SubEditors/TutorialAssets/Character/Tutorial_Walk_Fwd.uasset" 539
"../../../Engine/Content/Tutorial/SubEditors/TutorialAssets/Character/NewBlendSpace1D.uasset" 540
"../../../Engine/Content/Tutorial/SubEditors/TutorialAssets/Character/TutorialCharacter.uasset" 541
"../../../Engine/Content/Tutorial/SubEditors/TutorialAssets/Character/TutorialTPP_AnimBlueprint.uasset" 542
"../../../Engine/Content/Tutorial/SubEditors/PersonaAnimBlueprintEditorWalkthrough.uasset" 543
"../../../Engine/Content/Tutorial/SubEditors/PersonaAnimEditorWalkthrough.uasset" 544
"../../../Engine/Content/EngineMeshes/Cube.uasset" 545
"../../../Engine/Content/Tutorial/SubEditors/StaticMeshEditorTutorial.uasset" 546
"../../../Engine/Content/Tutorial/SubEditors/TutorialAssets/icon_Editor_Preferences_General_40x.uasset" 547
"../../../Arcana/Content/BasicRoom.uasset" 548
"../../../Arcana/Content/Assets/Materials/M_Card_Deck.uasset" 549
"../../../Arcana/Content/DynamicSwordAnimset/Animations/InPlace/Attack_09.uasset" 550
"../../../Arcana/Content/DynamicSwordAnimset/Animations/InPlace/Attack_16.uasset" 551
"../../../Arcana/Content/DynamicSwordAnimset/Animations/InPlace/Block_Damage.uasset" 552
"../../../Arcana/Content/DynamicSwordAnimset/Animations/InPlace/Block_End.uasset" 553
"../../../Arcana/Content/DynamicSwordAnimset/Animations/InPlace/Block_Guard.uasset" 554
"../../../Arcana/Content/DynamicSwordAnimset/Animations/InPlace/Block_Loop.uasset" 555
"../../../Arcana/Content/DynamicSwordAnimset/Animations/InPlace/Block_Start.uasset" 556
"../../../Arcana/Content/DynamicSwordAnimset/Animations/InPlace/Crouch_Pickup.uasset" 557
"../../../Arcana/Content/DynamicSwordAnimset/Animations/InPlace/Crouch_To_Uneqip.uasset" 558
"../../../Arcana/Content/DynamicSwordAnimset/Animations/InPlace/Damage_01.uasset" 559
"../../../Arcana/Content/DynamicSwordAnimset/Animations/InPlace/Damage_02.uasset" 560
"../../../Arcana/Content/DynamicSwordAnimset/Animations/InPlace/Damage_Left_01.uasset" 561
"../../../Arcana/Content/DynamicSwordAnimset/Animations/InPlace/Damage_Left_02.uasset" 562
"../../../Arcana/Content/DynamicSwordAnimset/Animations/InPlace/Damage_Right_01.uasset" 563
"../../../Arcana/Content/DynamicSwordAnimset/Animations/InPlace/Damage_Right_02.uasset" 564
"../../../Arcana/Content/DynamicSwordAnimset/Animations/InPlace/Falling_Back.uasset" 565
"../../../Arcana/Content/DynamicSwordAnimset/Animations/InPlace/Falling_Back_Down.uasset" 566
"../../../Arcana/Content/DynamicSwordAnimset/Animations/InPlace/Falling_Back_Down_Up.uasset" 567
"../../../Arcana/Content/DynamicSwordAnimset/Animations/InPlace/Falling_Front.uasset" 568
"../../../Arcana/Content/DynamicSwordAnimset/Animations/InPlace/Falling_Front_Down.uasset" 569
"../../../Arcana/Content/DynamicSwordAnimset/Animations/InPlace/Falling_Front_Down_Up.uasset" 570
"../../../Arcana/Content/DynamicSwordAnimset/Animations/InPlace/Falling_Front_End.uasset" 571
"../../../Arcana/Content/DynamicSwordAnimset/Animations/InPlace/Jump_Move_Front.uasset" 572
"../../../Arcana/Content/DynamicSwordAnimset/Animations/InPlace/Jump_Running.uasset" 573
"../../../Arcana/Content/DynamicSwordAnimset/Animations/InPlace/Jump_Running_End.uasset" 574
"../../../Arcana/Content/DynamicSwordAnimset/Animations/InPlace/Jump_Running_Loop.uasset" 575
"../../../Arcana/Content/DynamicSwordAnimset/Animations/InPlace/Jump_Running_Start.uasset" 576
"../../../Arcana/Content/DynamicSwordAnimset/Animations/InPlace/Jump_Stand.uasset" 577
"../../../Arcana/Content/DynamicSwordAnimset/Animations/InPlace/Jump_Stand_End_01.uasset" 578
"../../../Arcana/Content/DynamicSwordAnimset/Animations/InPlace/Jump_Stand_End_02.uasset" 579
"../../../Arcana/Content/DynamicSwordAnimset/Animations/InPlace/Jump_Stand_Loop.uasset" 580
"../../../Arcana/Content/DynamicSwordAnimset/Animations/InPlace/Jump_Stand_Start.uasset" 581
"../../../Arcana/Content/DynamicSwordAnimset/Animations/InPlace/Knockdown_Back.uasset" 582
"../../../Arcana/Content/DynamicSwordAnimset/Animations/InPlace/Knockdown_Back_Up.uasset" 583
"../../../Arcana/Content/DynamicSwordAnimset/Animations/InPlace/Knockdown_Front.uasset" 584
"../../../Arcana/Content/DynamicSwordAnimset/Animations/InPlace/Knockdown_Front_Up.uasset" 585
"../../../Arcana/Content/DynamicSwordAnimset/Animations/InPlace/Rolling_Back_01.uasset" 586
"../../../Arcana/Content/DynamicSwordAnimset/Animations/InPlace/Rolling_Back_02.uasset" 587
"../../../Arcana/Content/DynamicSwordAnimset/Animations/InPlace/Rolling_Left.uasset" 588
"../../../Arcana/Content/DynamicSwordAnimset/Animations/InPlace/Rolling_Right.uasset" 589
"../../../Arcana/Content/DynamicSwordAnimset/Animations/InPlace/Step_Back.uasset" 590
"../../../Arcana/Content/DynamicSwordAnimset/Animations/InPlace/Step_Left.uasset" 591
"../../../Arcana/Content/DynamicSwordAnimset/Animations/InPlace/Step_Right.uasset" 592
"../../../Arcana/Content/DynamicSwordAnimset/Animations/InPlace/Stun.uasset" 593
"../../../Arcana/Content/DynamicSwordAnimset/Animations/InPlace/Uneqip_Pickup.uasset" 594
"../../../Arcana/Content/DynamicSwordAnimset/Animations/InPlace/Uneqip_To_Crouch.uasset" 595
"../../../Arcana/Content/DynamicSwordAnimset/Animations/InPlace/Uneqip_To_Eqip.uasset" 596
"../../../Arcana/Content/DynamicSwordAnimset/Animations/RootMotion/Attack_01.uasset" 597
"../../../Arcana/Content/DynamicSwordAnimset/Animations/RootMotion/Attack_05.uasset" 598
"../../../Arcana/Content/DynamicSwordAnimset/Animations/RootMotion/Attack_06.uasset" 599
"../../../Arcana/Content/DynamicSwordAnimset/Animations/RootMotion/Attack_07.uasset" 600
"../../../Arcana/Content/DynamicSwordAnimset/Animations/RootMotion/Attack_08.uasset" 601
"../../../Arcana/Content/DynamicSwordAnimset/Animations/RootMotion/Attack_09.uasset" 602
"../../../Arcana/Content/DynamicSwordAnimset/Animations/RootMotion/Attack_10.uasset" 603
"../../../Arcana/Content/DynamicSwordAnimset/Animations/RootMotion/Attack_11.uasset" 604
"../../../Arcana/Content/DynamicSwordAnimset/Animations/RootMotion/Attack_12.uasset" 605
"../../../Arcana/Content/DynamicSwordAnimset/Animations/RootMotion/Attack_13.uasset" 606
"../../../Arcana/Content/DynamicSwordAnimset/Animations/RootMotion/Attack_14.uasset" 607
"../../../Arcana/Content/DynamicSwordAnimset/Animations/RootMotion/Attack_15.uasset" 608
"../../../Arcana/Content/DynamicSwordAnimset/Animations/RootMotion/Attack_16.uasset" 609
"../../../Arcana/Content/DynamicSwordAnimset/Animations/RootMotion/Attack_17.uasset" 610
"../../../Arcana/Content/DynamicSwordAnimset/Animations/RootMotion/Attack_18.uasset" 611
"../../../Arcana/Content/DynamicSwordAnimset/Animations/RootMotion/Attack_Eqip_01.uasset" 612
"../../../Arcana/Content/DynamicSwordAnimset/Animations/RootMotion/Attack_Eqip_02.uasset" 613
"../../../Arcana/Content/DynamicSwordAnimset/Animations/RootMotion/Combo_01.uasset" 614
"../../../Arcana/Content/DynamicSwordAnimset/Animations/RootMotion/Combo_02.uasset" 615
"../../../Arcana/Content/DynamicSwordAnimset/Animations/RootMotion/Damage_Left_02.uasset" 616
"../../../Arcana/Content/DynamicSwordAnimset/Animations/RootMotion/Damage_Right_02.uasset" 617
"../../../Arcana/Content/DynamicSwordAnimset/Animations/RootMotion/Dash.uasset" 618
"../../../Arcana/Content/DynamicSwordAnimset/Animations/RootMotion/Dead_01.uasset" 619
"../../../Arcana/Content/DynamicSwordAnimset/Animations/RootMotion/Dead_02.uasset" 620
"../../../Arcana/Content/DynamicSwordAnimset/Animations/RootMotion/Dead_03.uasset" 621
"../../../Arcana/Content/DynamicSwordAnimset/Animations/RootMotion/Dead_04.uasset" 622
"../../../Arcana/Content/DynamicSwordAnimset/Animations/RootMotion/Falling_Back_Down.uasset" 623
"../../../Arcana/Content/DynamicSwordAnimset/Animations/RootMotion/Jump_Running.uasset" 624
"../../../Arcana/Content/DynamicSwordAnimset/Animations/RootMotion/Jump_Running_Start.uasset" 625
"../../../Arcana/Content/DynamicSwordAnimset/Animations/RootMotion/Jump_Stand.uasset" 626
"../../../Arcana/Content/DynamicSwordAnimset/Animations/RootMotion/Jump_Stand_Start.uasset" 627
"../../../Arcana/Content/DynamicSwordAnimset/Animations/RootMotion/Knockdown_Back.uasset" 628
"../../../Arcana/Content/DynamicSwordAnimset/Animations/RootMotion/Knockdown_Back_Up.uasset" 629
"../../../Arcana/Content/DynamicSwordAnimset/Animations/RootMotion/Knockdown_Front.uasset" 630
"../../../Arcana/Content/DynamicSwordAnimset/Animations/RootMotion/Knockdown_Front_Up.uasset" 631
"../../../Arcana/Content/DynamicSwordAnimset/Animations/RootMotion/Rolling_Back_01.uasset" 632
"../../../Arcana/Content/DynamicSwordAnimset/Animations/RootMotion/Rolling_Back_02.uasset" 633
"../../../Arcana/Content/DynamicSwordAnimset/Animations/RootMotion/Rolling_Front.uasset" 634
"../../../Arcana/Content/DynamicSwordAnimset/Animations/RootMotion/Rolling_Left.uasset" 635
"../../../Arcana/Content/DynamicSwordAnimset/Animations/RootMotion/Rolling_Right.uasset" 636
"../../../Arcana/Content/DynamicSwordAnimset/Animations/RootMotion/Step_Back.uasset" 637
"../../../Arcana/Content/DynamicSwordAnimset/Animations/RootMotion/Step_Left.uasset" 638
"../../../Arcana/Content/DynamicSwordAnimset/Animations/RootMotion/Step_Right.uasset" 639
"../../../Arcana/Content/DynamicSwordAnimset/Animations/InPlace/Idle_Crouch.uasset" 640
"../../../Arcana/Content/DynamicSwordAnimset/Animations/InPlace/Walk_Crouch_Front.uasset" 641
"../../../Arcana/Content/DynamicSwordAnimset/BlendSpaces/Idle_Crouch_BS.uasset" 642
"../../../Arcana/Content/DynamicSwordAnimset/Animations/AimOffsets/Idle_Eqip_CC.uasset" 643
"../../../Arcana/Content/DynamicSwordAnimset/Animations/AimOffsets/Idle_Eqip_CD.uasset" 644
"../../../Arcana/Content/DynamicSwordAnimset/Animations/AimOffsets/Idle_Eqip_CU.uasset" 645
"../../../Arcana/Content/DynamicSwordAnimset/Animations/AimOffsets/Idle_Eqip_LC.uasset" 646
"../../../Arcana/Content/DynamicSwordAnimset/Animations/AimOffsets/Idle_Eqip_LD.uasset" 647
"../../../Arcana/Content/DynamicSwordAnimset/Animations/AimOffsets/Idle_Eqip_LU.uasset" 648
"../../../Arcana/Content/DynamicSwordAnimset/Animations/AimOffsets/Idle_Eqip_RC.uasset" 649
"../../../Arcana/Content/DynamicSwordAnimset/Animations/AimOffsets/Idle_Eqip_RD.uasset" 650
"../../../Arcana/Content/DynamicSwordAnimset/Animations/AimOffsets/Idle_Eqip_RU.uasset" 651
"../../../Arcana/Content/DynamicSwordAnimset/BlendSpaces/Idle_Eqip_AimOffset.uasset" 652
"../../../Arcana/Content/DynamicSwordAnimset/Animations/InPlace/Run_Eqip.uasset" 653
"../../../Arcana/Content/DynamicSwordAnimset/Animations/InPlace/Walk_Eqip_Front.uasset" 654
"../../../Arcana/Content/DynamicSwordAnimset/BlendSpaces/Idle_Eqip_BS.uasset" 655
"../../../Arcana/Content/DynamicSwordAnimset/Animations/InPlace/Idle_Uneqip.uasset" 656
"../../../Arcana/Content/DynamicSwordAnimset/BlendSpaces/Idle_Uneqip_BS.uasset" 657
"../../../Arcana/Content/DynamicSwordAnimset/Animations/InPlace/Walk_Crouch_Back.uasset" 658
"../../../Arcana/Content/DynamicSwordAnimset/Animations/InPlace/Walk_Crouch_Left.uasset" 659
"../../../Arcana/Content/DynamicSwordAnimset/Animations/InPlace/Walk_Crouch_Right.uasset" 660
"../../../Arcana/Content/DynamicSwordAnimset/BlendSpaces/Walk_Crouch_BS.uasset" 661
"../../../Arcana/Content/DynamicSwordAnimset/Animations/InPlace/Walk_Eqip_Back.uasset" 662
"../../../Arcana/Content/DynamicSwordAnimset/Animations/InPlace/Walk_Eqip_Back_Left.uasset" 663
"../../../Arcana/Content/DynamicSwordAnimset/Animations/InPlace/Walk_Eqip_Back_Right.uasset" 664
"../../../Arcana/Content/DynamicSwordAnimset/Animations/InPlace/Walk_Eqip_Front_Left.uasset" 665
"../../../Arcana/Content/DynamicSwordAnimset/Animations/InPlace/Walk_Eqip_Front_Right.uasset" 666
"../../../Arcana/Content/DynamicSwordAnimset/Animations/InPlace/Walk_Eqip_Left.uasset" 667
"../../../Arcana/Content/DynamicSwordAnimset/Animations/InPlace/Walk_Eqip_Right.uasset" 668
"../../../Arcana/Content/DynamicSwordAnimset/BlendSpaces/Walk_Eqip_BS.uasset" 669
"../../../Arcana/Content/DynamicSwordAnimset/Animations/InPlace/Walk_Uneqip_Back.uasset" 670
"../../../Arcana/Content/DynamicSwordAnimset/Animations/InPlace/Walk_Uneqip_Back_Left.uasset" 671
"../../../Arcana/Content/DynamicSwordAnimset/Animations/InPlace/Walk_Uneqip_Back_Right.uasset" 672
"../../../Arcana/Content/DynamicSwordAnimset/Animations/InPlace/Walk_Uneqip_Front_Left.uasset" 673
"../../../Arcana/Content/DynamicSwordAnimset/Animations/InPlace/Walk_Uneqip_Front_Right.uasset" 674
"../../../Arcana/Content/DynamicSwordAnimset/Animations/InPlace/Walk_Uneqip_Left.uasset" 675
"../../../Arcana/Content/DynamicSwordAnimset/Animations/InPlace/Walk_Uneqip_Right.uasset" 676
"../../../Arcana/Content/DynamicSwordAnimset/BlendSpaces/Walk_Uneqip_BS.uasset" 677
"../../../Arcana/Content/Game/ArcanaGameMode.uasset" 678
"../../../Arcana/Content/Game/BPs/ArcPlayerAIController.uasset" 679
"../../../Arcana/Content/Geometry/Meshes/1M_Cube_Chamfer.uasset" 680
"../../../Arcana/Content/Geometry/Meshes/TemplateFloor.uasset" 681
"../../../Arcana/Content/Mannequin/Animations/ThirdPersonJump_End.uasset" 682
"../../../Engine/Content/EditorLandscapeResources/DefaultAlphaTexture.uasset" 683
"../../../Engine/Content/EngineMaterials/Grid_N.uasset" 684
"../../../Arcana/Content/Maps/MapMats/BasicFlorMat.uasset" 685
"../../../Arcana/Content/Maps/MapMats/BasicFlorMat_Inst.uasset" 686
"../../../Arcana/Content/MixamoAnimPack/Mixamo_Alpha/Anims/Mixamo_Alpha_Skeleton.uasset" 687
"../../../Arcana/Content/MixamoAnimPack/Mixamo_Alpha/Anims/mixamo_jump.uasset" 688
"../../../Arcana/Content/MixamoAnimPack/Mixamo_Alpha/Anims/mixamo_runningJump.uasset" 689
"../../../Arcana/Content/MixamoAnimPack/Mixamo_Alpha/Anims/mixamo_Shooting.uasset" 690
"../../../Arcana/Content/MixamoAnimPack/Mixamo_Alpha/Anims/mixamo_idle.uasset" 691
"../../../Arcana/Content/MixamoAnimPack/Mixamo_Alpha/Anims/mixamo_run.uasset" 692
"../../../Arcana/Content/MixamoAnimPack/Mixamo_Alpha/Anims/mixamo_walk.uasset" 693
"../../../Arcana/Content/MixamoAnimPack/Mixamo_Alpha/Anims/MixamoBlend_Alpha_1D.uasset" 694
"../../../Arcana/Content/MixamoAnimPack/Mixamo_Alpha/Anims/MixamoAnimBP_Alpha.uasset" 695
"../../../Arcana/Content/MixamoAnimPack/Mixamo_Alpha/Materials/Alpha_Body_MAT.uasset" 696
"../../../Arcana/Content/MixamoAnimPack/Mixamo_Alpha/Materials/Alpha_Joints_MAT.uasset" 697
"../../../Arcana/Content/MixamoAnimPack/Mixamo_Alpha/Mesh/Maximo_Alpha_Physics.uasset" 698
"../../../Arcana/Content/MixamoAnimPack/Mixamo_Alpha/Mesh/Maximo_Alpha.uasset" 699
"../../../Arcana/Content/MixamoAnimPack/Mixamo_Alpha/Mixamo_Alpha.uasset" 700
"../../../Arcana/Content/MixamoAnimPack/MixamoGame.uasset" 701
"../../../Arcana/Content/MixamoAnimPack/Mixamo_Adam/Anims/Mixamo_Adam_jump.uasset" 702
"../../../Arcana/Content/MixamoAnimPack/Mixamo_Adam/Anims/Mixamo_Adam_Running_Jump.uasset" 703
"../../../Arcana/Content/MixamoAnimPack/Mixamo_Adam/Anims/Mixamo_Adam_Shooting.uasset" 704
"../../../Arcana/Content/MixamoAnimPack/Mixamo_Adam/Anims/Mixamo_Adam_idle.uasset" 705
"../../../Arcana/Content/MixamoAnimPack/Mixamo_Adam/Anims/Mixamo_Adam_run.uasset" 706
"../../../Arcana/Content/MixamoAnimPack/Mixamo_Adam/Anims/Mixamo_Adam_walk.uasset" 707
"../../../Arcana/Content/MixamoAnimPack/Mixamo_Adam/Anims/MixamoBlend_Adam_1D.uasset" 708
"../../../Arcana/Content/MixamoAnimPack/Mixamo_Adam/Anims/MixamoAnimBP_Adam.uasset" 709
"../../../Arcana/Content/MixamoAnimPack/Mixamo_Adam/Materials/GC_Clothes_COL_2k.uasset" 710
"../../../Arcana/Content/MixamoAnimPack/Mixamo_Adam/Materials/GC_Clothes_mask_2k.uasset" 711
"../../../Arcana/Content/MixamoAnimPack/Mixamo_Adam/Materials/GC_Clothes_NM_2k.uasset" 712
"../../../Arcana/Content/MixamoAnimPack/Mixamo_Adam/Materials/M_Maximo_Adam_Body.uasset" 713
"../../../Arcana/Content/MixamoAnimPack/Mixamo_Adam/Materials/GC_Skin_COL_2k_diffuse.uasset" 714
"../../../Arcana/Content/MixamoAnimPack/Mixamo_Adam/Materials/GC_Skin_Mask_2k.uasset" 715
"../../../Arcana/Content/MixamoAnimPack/Mixamo_Adam/Materials/GC_Skin_NM_2k.uasset" 716
"../../../Arcana/Content/MixamoAnimPack/Mixamo_Adam/Materials/M_Maximo_Adam_Face.uasset" 717
"../../../Arcana/Content/MixamoAnimPack/Mixamo_Adam/Mesh/Maximo_Adam.uasset" 718
"../../../Arcana/Content/MixamoAnimPack/Mixamo_Adam/Mixamo_Adam.uasset" 719
"../../../Arcana/Content/MixamoAnimPack/Mixamo_Adam/Materials/M_Maximo_Adam_Clothes.uasset" 720
"../../../Arcana/Content/MixamoAnimPack/Mixamo_Adam/Materials/M_Maximo_Adam_Skin.uasset" 721
"../../../Arcana/Content/MixamoAnimPack/Mixamo_Adam/Mesh/Adam_PhysicsAsset.uasset" 722
"../../../Arcana/Content/MixamoAnimPack/Mixamo_Alpha/Anims/mixamo_Sword_Swing.uasset" 723
"../../../Arcana/Content/MixamoAnimPack/Mixamo_Alpha/Materials/Alpha_Body.uasset" 724
"../../../Arcana/Content/MixamoAnimPack/Mixamo_Alpha/Materials/Alpha_Joints.uasset" 725
"../../../Arcana/Content/MixamoAnimPack/Mixamo_Goblin/Materials/goblin_specular.uasset" 726
"../../../Arcana/Content/MixamoAnimPack/Mixamo_Goblin/Mesh/Goblin_PhysicsAsset.uasset" 727
"../../../Arcana/Content/MixamoAnimPack/Mixamo_Heraklios/Anims/Mixamo_Heraklios_jump.uasset" 728
"../../../Arcana/Content/MixamoAnimPack/Mixamo_Heraklios/Anims/Mixamo_Heraklios_Running_Jump.uasset" 729
"../../../Arcana/Content/MixamoAnimPack/Mixamo_Heraklios/Anims/Mixamo_Heraklios_Sword_Slash.uasset" 730
"../../../Arcana/Content/MixamoAnimPack/Mixamo_Heraklios/Anims/Mixamo_Heraklios_idle.uasset" 731
"../../../Arcana/Content/MixamoAnimPack/Mixamo_Heraklios/Anims/Mixamo_Heraklios_Run.uasset" 732
"../../../Arcana/Content/MixamoAnimPack/Mixamo_Heraklios/Anims/Mixamo_Heraklios_Walk.uasset" 733
"../../../Arcana/Content/MixamoAnimPack/Mixamo_Heraklios/Anims/MixamoBlend_Heraklios_1D.uasset" 734
"../../../Arcana/Content/MixamoAnimPack/Mixamo_Heraklios/Anims/MixamoAnimBP_Heraklios.uasset" 735
"../../../Arcana/Content/MixamoAnimPack/Mixamo_Heraklios/Materials/battalion-leader-heraklios_diffuse.uasset" 736
"../../../Arcana/Content/MixamoAnimPack/Mixamo_Heraklios/Materials/battalion-leader-heraklios_mask.uasset" 737
"../../../Arcana/Content/MixamoAnimPack/Mixamo_Heraklios/Materials/battalion-leader-heraklios_normal.uasset" 738
"../../../Arcana/Content/MixamoAnimPack/Mixamo_Heraklios/Materials/Heraklios_Mat.uasset" 739
"../../../Arcana/Content/MixamoAnimPack/Mixamo_Heraklios/Materials/Heraklios_Mat_Inst.uasset" 740
"../../../Arcana/Content/MixamoAnimPack/Mixamo_Heraklios/Mesh/Mixamo_Heraklios_Physics.uasset" 741
"../../../Arcana/Content/MixamoAnimPack/Mixamo_Heraklios/Mesh/Mixamo_Heraklios.uasset" 742
"../../../Arcana/Content/MixamoAnimPack/Mixamo_Heraklios/Mixamo_Heraklios.uasset" 743
"../../../Arcana/Content/MixamoAnimPack/Mixamo_Kachujin/Materials/Kachujin_specular.uasset" 744
"../../../Arcana/Content/MixamoAnimPack/Mixamo_Maria/Anims/Maria_J_J_Ong_Skeleton.uasset" 745
"../../../Arcana/Content/MixamoAnimPack/Mixamo_Maria/Anims/Maria_J_J_Ong_jump.uasset" 746
"../../../Arcana/Content/MixamoAnimPack/Mixamo_Maria/Anims/Maria_J_J_Ong_Running_Jump.uasset" 747
"../../../Arcana/Content/MixamoAnimPack/Mixamo_Maria/Anims/Maria_J_J_Ong_Sword_Swing.uasset" 748
"../../../Arcana/Content/MixamoAnimPack/Mixamo_Maria/Anims/Maria_J_J_Ong_idle.uasset" 749
"../../../Arcana/Content/MixamoAnimPack/Mixamo_Maria/Anims/Maria_J_J_Ong_Run.uasset" 750
"../../../Arcana/Content/MixamoAnimPack/Mixamo_Maria/Anims/Maria_J_J_Ong_Walk.uasset" 751
"../../../Arcana/Content/MixamoAnimPack/Mixamo_Maria/Anims/MixamoBlend_Maria_1D.uasset" 752
"../../../Arcana/Content/MixamoAnimPack/Mixamo_Maria/Anims/MixamoAnimBP_Maria.uasset" 753
"../../../Arcana/Content/MixamoAnimPack/Mixamo_Maria/Materials/maria_diffuse.uasset" 754
"../../../Arcana/Content/MixamoAnimPack/Mixamo_Maria/Materials/maria_mask.uasset" 755
"../../../Arcana/Content/MixamoAnimPack/Mixamo_Maria/Materials/maria_normal.uasset" 756
"../../../Arcana/Content/MixamoAnimPack/Mixamo_Maria/Materials/Maria_Mat.uasset" 757
"../../../Arcana/Content/MixamoAnimPack/Mixamo_Maria/Mesh/Maria_PhysicsAssets.uasset" 758
"../../../Arcana/Content/MixamoAnimPack/Mixamo_Maria/Mesh/Maximo_Maria.uasset" 759
"../../../Arcana/Content/MixamoAnimPack/Mixamo_Maria/Mixamo_Maria.uasset" 760
"../../../Arcana/Content/MixamoAnimPack/Mixamo_Maria/Anims/Maria_J_J_Ong_Shooting.uasset" 761
"../../../Arcana/Content/MixamoAnimPack/Mixamo_Zoe/Materials/Zoe_Skin_Spec.uasset" 762
